app/build/outputs/mapping/release/configuration.txt
# The proguard configuration file for the following section is Android Gradle plugin 9.3.1 (extracted file: C:\Users\bindi\Downloads\tsk.r-android-reminder-app\android\app\build\intermediates\default_proguard_files\global\proguard-android-optimize.txt-9.3.1)
# This is a configuration file for ProGuard.
# http://proguard.sourceforge.net/index.html#manual/usage.html
#
# Starting with version 2.2 of the Android plugin for Gradle, this file is distributed together with
# the plugin and unpacked at build-time. The files in $ANDROID_HOME are no longer maintained and
# will be ignored by new version of the Android plugin for Gradle.

# Optimizations: If you don't want to optimize, use the proguard-android.txt configuration file
# instead of this one, which turns off the optimization flags.
-allowaccessmodification

# Preserve some attributes that may be required for reflection.
-keepattributes AnnotationDefault,
                EnclosingMethod,
                InnerClasses,
                RuntimeVisibleAnnotations,
                RuntimeVisibleParameterAnnotations,
                RuntimeVisibleTypeAnnotations,
                Signature

-keep public class com.google.vending.licensing.ILicensingService
-keep public class com.android.vending.licensing.ILicensingService
-keep public class com.google.android.vending.licensing.ILicensingService
-dontnote com.android.vending.licensing.ILicensingService
-dontnote com.google.vending.licensing.ILicensingService
-dontnote com.google.android.vending.licensing.ILicensingService

# For native methods, see https://www.guardsquare.com/manual/configuration/examples#native
-keepclasseswithmembernames,includedescriptorclasses class * {
    native <methods>;
}

# Keep setters in Views so that animations can still work.
-keepclassmembers public class * extends android.view.View {
    void set*(***);
    *** get*();
}

# We want to keep methods in Activity that could be used in the XML attribute onClick.
-keepclassmembers class * extends android.app.Activity {
    public void *(android.view.View);
}

# For enumeration classes, see https://www.guardsquare.com/manual/configuration/examples#enumerations
-keepclassmembers enum * {
    public static **[] values();
    public static ** valueOf(java.lang.String);
}

-keepclassmembers class * implements android.os.Parcelable {
    public static final ** CREATOR;
}

# Preserve annotated Javascript interface methods.
-keepclassmembers class * {
    @android.webkit.JavascriptInterface <methods>;
}

# The support libraries contains references to newer platform versions.
# Don't warn about those in case this app is linking against an older
# platform version. We know about them, and they are safe.
-dontnote android.support.**
-dontnote androidx.**
-dontwarn android.support.**
-dontwarn androidx.**

# Understand the @Keep support annotation.
-keep class android.support.annotation.Keep

-keep @android.support.annotation.Keep class * {*;}

-keepclasseswithmembers class * {
    @android.support.annotation.Keep <methods>;
}

-keepclasseswithmembers class * {
    @android.support.annotation.Keep <fields>;
}

-keepclasseswithmembers class * {
    @android.support.annotation.Keep <init>(...);
}

# These classes are duplicated between android.jar and org.apache.http.legacy.jar.
-dontnote org.apache.http.**
-dontnote android.net.http.**

# These classes are duplicated between android.jar and core-lambda-stubs.jar.
-dontnote java.lang.invoke.**

# End of content from Android Gradle plugin 9.3.1 (extracted file: C:\Users\bindi\Downloads\tsk.r-android-reminder-app\android\app\build\intermediates\default_proguard_files\global\proguard-android-optimize.txt-9.3.1)
# The proguard configuration file for the following section is android\app\proguard-rules.pro
# Add project specific ProGuard rules here.
# By default, the flags in this file are appended to flags specified
# in C:\Users\bindi\AppData\Local\Android\Sdk/tools/proguard/proguard-android.txt
# You can edit the include path and order by changing the proguardFiles
# directive in build.gradle.

# For more details, see
#   http://developer.android.com/guide/developing/tools/proguard.html

# Add any custom keep rules here.

# Keep Room generated classes
-keep class com.brixavier.tskr.data.*_Impl { *; }

# Keep Glance Widget Receiver
-keep class com.brixavier.tskr.widget.TskRWidgetReceiver { *; }

# End of content from android\app\proguard-rules.pro
# The proguard configuration file for the following section is androidx.glance:glance-appwidget:1.1.0 (extracted file: C:\Users\bindi\.gradle\caches\9.5.0\transforms\3a90e1e94231e6f3c1307875119e156b\transformed\glance-appwidget-1.1.0\proguard.txt)
#  Copyright (C) 2021 The Android Open Source Project
#
#  Licensed under the Apache License, Version 2.0 (the "License");
#  you may not use this file except in compliance with the License.
#  You may obtain a copy of the License at
#
#       http://www.apache.org/licenses/LICENSE-2.0
#
#  Unless required by applicable law or agreed to in writing, software
#  distributed under the License is distributed on an "AS IS" BASIS,
#  WITHOUT WARRANTIES OR CONDITIONS OF ANY KIND, either express or implied.
#  See the License for the specific language governing permissions and
#  limitations under the License.

# libproto uses reflection to deserialize a Proto, which Proguard can't accurately detect.
# Keep all the class members of any generated messages to ensure we can deserialize properly inside
# these classes.
-keepclassmembers class * extends androidx.glance.appwidget.protobuf.GeneratedMessageLite {
  <fields>;
}
-keep public class * extends androidx.glance.appwidget.action.ActionCallback
# End of content from androidx.glance:glance-appwidget:1.1.0 (extracted file: C:\Users\bindi\.gradle\caches\9.5.0\transforms\3a90e1e94231e6f3c1307875119e156b\transformed\glance-appwidget-1.1.0\proguard.txt)
# The proguard configuration file for the following section is com.google.android.material:material:1.11.0 (extracted file: C:\Users\bindi\.gradle\caches\9.5.0\transforms\7ccccbf6f54e296996c1ff6170c48959\transformed\material-1.11.0\proguard.txt)
# Copyright (C) 2015 The Android Open Source Project
#
# Licensed under the Apache License, Version 2.0 (the "License");
# you may not use this file except in compliance with the License.
# You may obtain a copy of the License at
#
#      http://www.apache.org/licenses/LICENSE-2.0
#
# Unless required by applicable law or agreed to in writing, software
# distributed under the License is distributed on an "AS IS" BASIS,
# WITHOUT WARRANTIES OR CONDITIONS OF ANY KIND, either express or implied.
# See the License for the specific language governing permissions and
# limitations under the License.

# CoordinatorLayout resolves the behaviors of its child components with reflection.
-keep public class * extends androidx.coordinatorlayout.widget.CoordinatorLayout$Behavior {
    public <init>(android.content.Context, android.util.AttributeSet);
    public <init>();
}

# Make sure we keep annotations for CoordinatorLayout's DefaultBehavior
-keepattributes RuntimeVisible*Annotation*

# Copyright (C) 2018 The Android Open Source Project
#
# Licensed under the Apache License, Version 2.0 (the "License");
# you may not use this file except in compliance with the License.
# You may obtain a copy of the License at
#
#      http://www.apache.org/licenses/LICENSE-2.0
#
# Unless required by applicable law or agreed to in writing, software
# distributed under the License is distributed on an "AS IS" BASIS,
# WITHOUT WARRANTIES OR CONDITIONS OF ANY KIND, either express or implied.
# See the License for the specific language governing permissions and
# limitations under the License.

# AppCompatViewInflater reads the viewInflaterClass theme attribute which then
# reflectively instantiates MaterialComponentsViewInflater using the no-argument
# constructor. We only need to keep this constructor and the class name if
# AppCompatViewInflater is also being kept.
-if class androidx.appcompat.app.AppCompatViewInflater
-keep class com.google.android.material.theme.MaterialComponentsViewInflater {
    <init>();
}


# End of content from com.google.android.material:material:1.11.0 (extracted file: C:\Users\bindi\.gradle\caches\9.5.0\transforms\7ccccbf6f54e296996c1ff6170c48959\transformed\material-1.11.0\proguard.txt)
# The proguard configuration file for the following section is androidx.appcompat:appcompat:1.6.1 (extracted file: C:\Users\bindi\.gradle\caches\9.5.0\transforms\4f9ed74e69e7300179eaff5f0795dba6\transformed\appcompat-1.6.1\proguard.txt)
# Copyright (C) 2018 The Android Open Source Project
#
# Licensed under the Apache License, Version 2.0 (the "License");
# you may not use this file except in compliance with the License.
# You may obtain a copy of the License at
#
#      http://www.apache.org/licenses/LICENSE-2.0
#
# Unless required by applicable law or agreed to in writing, software
# distributed under the License is distributed on an "AS IS" BASIS,
# WITHOUT WARRANTIES OR CONDITIONS OF ANY KIND, either express or implied.
# See the License for the specific language governing permissions and
# limitations under the License.

# aapt is not able to read app::actionViewClass and app:actionProviderClass to produce proguard
# keep rules. Add a commonly used SearchView to the keep list until b/109831488 is resolved.
-keep class androidx.appcompat.widget.SearchView { <init>(...); }

# Never inline methods, but allow shrinking and obfuscation.
-keepclassmembernames,allowobfuscation,allowshrinking class androidx.appcompat.widget.AppCompatTextViewAutoSizeHelper$Impl* {
  <methods>;
}

# End of content from androidx.appcompat:appcompat:1.6.1 (extracted file: C:\Users\bindi\.gradle\caches\9.5.0\transforms\4f9ed74e69e7300179eaff5f0795dba6\transformed\appcompat-1.6.1\proguard.txt)
# The proguard configuration file for the following section is androidx.fragment:fragment:1.3.6 (extracted file: C:\Users\bindi\.gradle\caches\9.5.0\transforms\43340670620c45ae383d9f8c2e2d9ae7\transformed\fragment-1.3.6\proguard.txt)
# Copyright (C) 2020 The Android Open Source Project
#
# Licensed under the Apache License, Version 2.0 (the "License");
# you may not use this file except in compliance with the License.
# You may obtain a copy of the License at
#
#      http://www.apache.org/licenses/LICENSE-2.0
#
# Unless required by applicable law or agreed to in writing, software
# distributed under the License is distributed on an "AS IS" BASIS,
# WITHOUT WARRANTIES OR CONDITIONS OF ANY KIND, either express or implied.
# See the License for the specific language governing permissions and
# limitations under the License.

# The default FragmentFactory creates Fragment instances using reflection
-if public class ** extends androidx.fragment.app.Fragment
-keepclasseswithmembers,allowobfuscation public class <1> {
    public <init>();
}

# End of content from androidx.fragment:fragment:1.3.6 (extracted file: C:\Users\bindi\.gradle\caches\9.5.0\transforms\43340670620c45ae383d9f8c2e2d9ae7\transformed\fragment-1.3.6\proguard.txt)
# The proguard configuration file for the following section is androidx.compose.material3:material3-android:1.4.0 (extracted file: C:\Users\bindi\.gradle\caches\9.5.0\transforms\95ba94b784df6c05143156aff3aa2ed9\transformed\material3\proguard.txt)
# Intentionally empty proguard rules to indicate this library is safe to shrink

# End of content from androidx.compose.material3:material3-android:1.4.0 (extracted file: C:\Users\bindi\.gradle\caches\9.5.0\transforms\95ba94b784df6c05143156aff3aa2ed9\transformed\material3\proguard.txt)
# The proguard configuration file for the following section is androidx.compose.foundation:foundation-android:1.11.4 (extracted file: C:\Users\bindi\.gradle\caches\9.5.0\transforms\0daaeb44bdc039d677ce80d86c29be9a\transformed\foundation\proguard.txt)
# Copyright (C) 2020 The Android Open Source Project
#
# Licensed under the Apache License, Version 2.0 (the "License");
# you may not use this file except in compliance with the License.
# You may obtain a copy of the License at
#
#      http://www.apache.org/licenses/LICENSE-2.0
#
# Unless required by applicable law or agreed to in writing, software
# distributed under the License is distributed on an "AS IS" BASIS,
# WITHOUT WARRANTIES OR CONDITIONS OF ANY KIND, either express or implied.
# See the License for the specific language governing permissions and
# limitations under the License.

# Keep all the functions created to throw an exception. We don't want these functions to be
# inlined in any way, which R8 will do by default. The whole point of these functions is to
# reduce the amount of code generated at the call site.
-keepclassmembers,allowshrinking,allowobfuscation class androidx.compose.**.* {
    static void throw*Exception(...);
    # For methods returning Nothing
    static java.lang.Void throw*Exception(...);
}


# End of content from androidx.compose.foundation:foundation-android:1.11.4 (extracted file: C:\Users\bindi\.gradle\caches\9.5.0\transforms\0daaeb44bdc039d677ce80d86c29be9a\transformed\foundation\proguard.txt)
# The proguard configuration file for the following section is androidx.compose.animation:animation-android:1.11.4 (extracted file: C:\Users\bindi\.gradle\caches\9.5.0\transforms\a85f7690009685b6f5b819d6617418c3\transformed\animation\proguard.txt)
-assumevalues class androidx.compose.animation.IsLookaheadAnimationVisualDebuggingEnabledKt {
    boolean isLookaheadAnimationVisualDebuggingEnabled return false;
}

-assumenosideeffects class * {
    static androidx.compose.animation.LookaheadAnimationVisualDebugConfig *(...) return null;
}

-assumenosideeffects class androidx.compose.animation.LookaheadAnimationVisualDebugHelperKt {
    public static void LookaheadAnimationVisualDebugging(...);
}
# End of content from androidx.compose.animation:animation-android:1.11.4 (extracted file: C:\Users\bindi\.gradle\caches\9.5.0\transforms\a85f7690009685b6f5b819d6617418c3\transformed\animation\proguard.txt)
# The proguard configuration file for the following section is androidx.compose.foundation:foundation-layout-android:1.11.4 (extracted file: C:\Users\bindi\.gradle\caches\9.5.0\transforms\a005835c38ccc1b8776c1d21a7940989\transformed\foundation-layout\proguard.txt)
# Copyright (C) 2020 The Android Open Source Project
#
# Licensed under the Apache License, Version 2.0 (the "License");
# you may not use this file except in compliance with the License.
# You may obtain a copy of the License at
#
#      http://www.apache.org/licenses/LICENSE-2.0
#
# Unless required by applicable law or agreed to in writing, software
# distributed under the License is distributed on an "AS IS" BASIS,
# WITHOUT WARRANTIES OR CONDITIONS OF ANY KIND, either express or implied.
# See the License for the specific language governing permissions and
# limitations under the License.

# Keep all the functions created to throw an exception. We don't want these functions to be
# inlined in any way, which R8 will do by default. The whole point of these functions is to
# reduce the amount of code generated at the call site.
-keepclassmembers,allowshrinking,allowobfuscation class androidx.compose.**.* {
    static void throw*Exception(...);
    static void throw*ExceptionForNullCheck(...);
    # For methods returning Nothing
    static java.lang.Void throw*Exception(...);
    static java.lang.Void throw*ExceptionForNullCheck(...);
}

# End of content from androidx.compose.foundation:foundation-layout-android:1.11.4 (extracted file: C:\Users\bindi\.gradle\caches\9.5.0\transforms\a005835c38ccc1b8776c1d21a7940989\transformed\foundation-layout\proguard.txt)
# The proguard configuration file for the following section is androidx.compose.animation:animation-core-android:1.11.4 (extracted file: C:\Users\bindi\.gradle\caches\9.5.0\transforms\7ec648e22235348d59bec5695257c4fe\transformed\animation-core\proguard.txt)
# Copyright (C) 2020 The Android Open Source Project
#
# Licensed under the Apache License, Version 2.0 (the "License");
# you may not use this file except in compliance with the License.
# You may obtain a copy of the License at
#
#      http://www.apache.org/licenses/LICENSE-2.0
#
# Unless required by applicable law or agreed to in writing, software
# distributed under the License is distributed on an "AS IS" BASIS,
# WITHOUT WARRANTIES OR CONDITIONS OF ANY KIND, either express or implied.
# See the License for the specific language governing permissions and
# limitations under the License.

# Keep all the functions created to throw an exception. We don't want these functions to be
# inlined in any way, which R8 will do by default. The whole point of these functions is to
# reduce the amount of code generated at the call site.
-keepclassmembers,allowshrinking,allowobfuscation class androidx.compose.**.* {
    static void throw*Exception(...);
    static void throw*ExceptionForNullCheck(...);
    # For methods returning Nothing
    static java.lang.Void throw*Exception(...);
    static java.lang.Void throw*ExceptionForNullCheck(...);
}

# End of content from androidx.compose.animation:animation-core-android:1.11.4 (extracted file: C:\Users\bindi\.gradle\caches\9.5.0\transforms\7ec648e22235348d59bec5695257c4fe\transformed\animation-core\proguard.txt)
# The proguard configuration file for the following section is androidx.compose.ui:ui-util-android:1.11.4 (extracted file: C:\Users\bindi\.gradle\caches\9.5.0\transforms\a495a9d30f5a333401cf0904ca1b210e\transformed\ui-util\proguard.txt)
# Copyright (C) 2020 The Android Open Source Project
#
# Licensed under the Apache License, Version 2.0 (the "License");
# you may not use this file except in compliance with the License.
# You may obtain a copy of the License at
#
#      http://www.apache.org/licenses/LICENSE-2.0
#
# Unless required by applicable law or agreed to in writing, software
# distributed under the License is distributed on an "AS IS" BASIS,
# WITHOUT WARRANTIES OR CONDITIONS OF ANY KIND, either express or implied.
# See the License for the specific language governing permissions and
# limitations under the License.

# Keep all the functions created to throw an exception. We don't want these functions to be
# inlined in any way, which R8 will do by default. The whole point of these functions is to
# reduce the amount of code generated at the call site.
-keepclassmembers,allowshrinking,allowobfuscation class androidx.compose.**.* {
    static void throw*Exception(...);
    static void throw*ExceptionForNullCheck(...);
    # For methods returning Nothing
    static java.lang.Void throw*Exception(...);
    static java.lang.Void throw*ExceptionForNullCheck(...);
}

# End of content from androidx.compose.ui:ui-util-android:1.11.4 (extracted file: C:\Users\bindi\.gradle\caches\9.5.0\transforms\a495a9d30f5a333401cf0904ca1b210e\transformed\ui-util\proguard.txt)
# The proguard configuration file for the following section is androidx.compose.ui:ui-text-android:1.11.4 (extracted file: C:\Users\bindi\.gradle\caches\9.5.0\transforms\cfd17fda11b2afb84be0265150ca01e3\transformed\ui-text\proguard.txt)
# Copyright (C) 2020 The Android Open Source Project
#
# Licensed under the Apache License, Version 2.0 (the "License");
# you may not use this file except in compliance with the License.
# You may obtain a copy of the License at
#
#      http://www.apache.org/licenses/LICENSE-2.0
#
# Unless required by applicable law or agreed to in writing, software
# distributed under the License is distributed on an "AS IS" BASIS,
# WITHOUT WARRANTIES OR CONDITIONS OF ANY KIND, either express or implied.
# See the License for the specific language governing permissions and
# limitations under the License.

# Keep all the functions created to throw an exception. We don't want these functions to be
# inlined in any way, which R8 will do by default. The whole point of these functions is to
# reduce the amount of code generated at the call site.