app/build/outputs/mapping/release/seeds.txt
com.brixavier.tskr.AlarmActivity
com.brixavier.tskr.data.ReminderDatabase_Impl
com.brixavier.tskr.data.ReminderDatabase
com.brixavier.tskr.widget.TskRWidgetReceiver
com.brixavier.tskr.data.ReminderDao_Impl
com.brixavier.tskr.MainActivity
com.brixavier.tskr.widget.WidgetUpdateWorker
com.brixavier.tskr.receiver.AlarmReceiver
com.brixavier.tskr.widget.TskRWidgetReceiver: int $stable
com.brixavier.tskr.data.ReminderDao_Impl: androidx.room.EntityDeleteOrUpdateAdapter __deleteAdapterOfReminder
com.brixavier.tskr.data.ReminderDatabase_Impl: kotlin.Lazy _reminderDao
com.brixavier.tskr.data.ReminderDatabase: int $stable
com.brixavier.tskr.data.ReminderDatabase: com.brixavier.tskr.data.ReminderDatabase$Companion Companion
com.brixavier.tskr.data.ReminderDao_Impl: androidx.room.RoomDatabase __db
com.brixavier.tskr.data.ReminderDatabase: com.brixavier.tskr.data.ReminderDatabase INSTANCE
com.brixavier.tskr.data.ReminderDatabase_Impl: int $stable
com.brixavier.tskr.data.ReminderDao_Impl: com.brixavier.tskr.data.ReminderDao_Impl$Companion Companion
com.brixavier.tskr.data.ReminderDao_Impl: androidx.room.EntityDeleteOrUpdateAdapter __updateAdapterOfReminder
com.brixavier.tskr.data.ReminderDao_Impl: int $stable
com.brixavier.tskr.widget.TskRWidgetReceiver: androidx.glance.appwidget.GlanceAppWidget glanceAppWidget
com.brixavier.tskr.data.ReminderDao_Impl: androidx.room.EntityInsertAdapter __insertAdapterOfReminder
com.brixavier.tskr.data.ReminderDao_Impl: kotlin.Unit update$lambda$3(com.brixavier.tskr.data.ReminderDao_Impl,com.brixavier.tskr.model.Reminder,androidx.sqlite.SQLiteConnection)
com.brixavier.tskr.data.ReminderDao_Impl: java.lang.Object getReminderById(java.lang.String,kotlin.coroutines.Continuation)
com.brixavier.tskr.AlarmActivity: AlarmActivity()
com.brixavier.tskr.data.ReminderDatabase_Impl: void clearAllTables()
com.brixavier.tskr.data.ReminderDao_Impl: java.lang.Object updateReminder(com.brixavier.tskr.model.Reminder,kotlin.coroutines.Continuation)
com.brixavier.tskr.widget.TskRWidgetReceiver: TskRWidgetReceiver()
com.brixavier.tskr.ui.Screen: com.brixavier.tskr.ui.Screen valueOf(java.lang.String)
com.brixavier.tskr.MainActivity: MainActivity()
com.brixavier.tskr.data.ReminderDatabase: com.brixavier.tskr.data.ReminderDatabase access$getINSTANCE$cp()
com.brixavier.tskr.data.ReminderDao_Impl: java.lang.Object update(com.brixavier.tskr.model.Reminder,kotlin.coroutines.Continuation)
com.brixavier.tskr.data.ReminderDao_Impl: long insertReminder$lambda$0(com.brixavier.tskr.data.ReminderDao_Impl,com.brixavier.tskr.model.Reminder,androidx.sqlite.SQLiteConnection)
com.brixavier.tskr.widget.TskRWidgetReceiver: androidx.glance.appwidget.GlanceAppWidget getGlanceAppWidget()
com.brixavier.tskr.data.ReminderDao_Impl: ReminderDao_Impl(androidx.room.RoomDatabase)
com.brixavier.tskr.data.ReminderDatabase_Impl: com.brixavier.tskr.data.ReminderDao_Impl _reminderDao$lambda$0(com.brixavier.tskr.data.ReminderDatabase_Impl)
com.brixavier.tskr.data.ReminderDatabase: ReminderDatabase()
com.brixavier.tskr.ui.Screen: com.brixavier.tskr.ui.Screen[] values()
com.brixavier.tskr.data.ReminderDatabase_Impl: androidx.room.RoomOpenDelegateMarker createOpenDelegate()
com.brixavier.tskr.data.ReminderDao_Impl: java.util.List getUpcomingReminders$lambda$6(java.lang.String,androidx.sqlite.SQLiteConnection)
com.brixavier.tskr.data.ReminderDatabase_Impl: java.util.List createAutoMigrations(java.util.Map)
com.brixavier.tskr.data.ReminderDao_Impl: java.lang.Object getUpcomingRemindersLimit(int,kotlin.coroutines.Continuation)
com.brixavier.tskr.data.ReminderDatabase_Impl: java.util.Set getRequiredAutoMigrationSpecClasses()
com.brixavier.tskr.data.ReminderDatabase_Impl: com.brixavier.tskr.data.ReminderDao reminderDao()
com.brixavier.tskr.data.ReminderDao_Impl: java.lang.Object insertReminder(com.brixavier.tskr.model.Reminder,kotlin.coroutines.Continuation)
...
com.google.android.material.button.MaterialButton: void setRippleColor(android.content.res.ColorStateList)
androidx.lifecycle.ReportFragment$LifecycleCallbacks: void onActivityPostCreated(android.app.Activity,android.os.Bundle)
androidx.appcompat.widget.AppCompatTextView: void setPrecomputedText(androidx.core.text.PrecomputedTextCompat)
androidx.constraintlayout.helper.widget.Flow: void setOrientation(int)
com.google.android.material.textfield.TextInputLayout: void setPasswordVisibilityToggleContentDescription(int)
androidx.recyclerview.widget.RecyclerView: void setScrollingTouchSlop(int)
androidx.appcompat.widget.ActionBarContainer: android.view.View getTabContainer()
androidx.core.view.WindowInsetsCompat$Impl21: androidx.core.view.WindowInsetsCompat consumeSystemWindowInsets()
androidx.constraintlayout.widget.ConstraintLayout: int getOptimizationLevel()
androidx.appcompat.widget.AppCompatEditText: android.content.res.ColorStateList getSupportCompoundDrawablesTintList()
androidx.recyclerview.widget.GridLayoutManager: GridLayoutManager(android.content.Context,android.util.AttributeSet,int,int)
androidx.compose.ui.window.PopupLayout: boolean getShouldCreateCompositionOnAttachedToWindow()
com.google.android.material.textfield.TextInputLayout: void setSuffixText(java.lang.CharSequence)
com.google.android.material.button.MaterialButton: void setElevation(float)
androidx.appcompat.widget.AppCompatCheckBox: android.graphics.PorterDuff$Mode getSupportCompoundDrawablesTintMode()
androidx.appcompat.widget.LinearLayoutCompat: void setVerticalGravity(int)
androidx.compose.ui.text.internal.InlineClassHelperKt: java.lang.Void throwIllegalStateExceptionForNullCheck(java.lang.String)
androidx.core.view.WindowInsetsCompat$Impl20: androidx.core.graphics.Insets getInsets(int,boolean)
androidx.core.view.WindowInsetsCompat$Impl28: androidx.core.view.DisplayCutoutCompat getDisplayCutout()
androidx.coordinatorlayout.widget.CoordinatorLayout: CoordinatorLayout(android.content.Context,android.util.AttributeSet)
androidx.glance.appwidget.MyPackageReplacedReceiver: MyPackageReplacedReceiver()
com.google.android.material.button.MaterialButton: android.content.res.ColorStateList getStrokeColor()
androidx.compose.foundation.text.selection.CrossStatus: androidx.compose.foundation.text.selection.CrossStatus[] values()
com.google.android.material.textfield.TextInputLayout: void setEndIconMode(int)
androidx.core.view.WindowInsetsCompat$Impl: androidx.core.view.WindowInsetsCompat consumeSystemWindowInsets()
androidx.room.RoomDatabase: java.lang.String getPath()
androidx.compose.ui.platform.AndroidComposeView: androidx.compose.ui.node.RootForTest$UncaughtExceptionHandler getUncaughtExceptionHandler$ui()
androidx.appcompat.widget.Toolbar$Api33Impl: void tryRegisterOnBackInvokedCallback(java.lang.Object,java.lang.Object)
androidx.appcompat.widget.ActivityChooserView$InnerLayout: ActivityChooserView$InnerLayout(android.content.Context,android.util.AttributeSet)
androidx.core.view.ViewCompat$Api21Impl: boolean isNestedScrollingEnabled(android.view.View)
androidx.core.view.WindowInsetsCompat$Impl20: void setRootViewData(androidx.core.graphics.Insets)
androidx.compose.ui.platform.AbstractComposeView: void getShowLayoutBounds$annotations()
androidx.appcompat.widget.ViewStubCompat: void setLayoutInflater(android.view.LayoutInflater)
com.google.android.material.internal.CheckableImageButton: void setPressable(boolean)
androidx.core.app.RemoteActionCompat: RemoteActionCompat()
androidx.core.view.WindowInsetsCompat$BuilderImpl: WindowInsetsCompat$BuilderImpl(androidx.core.view.WindowInsetsCompat)
androidx.appcompat.widget.AppCompatCheckBox: android.content.res.ColorStateList getSupportCompoundDrawablesTintList()
androidx.appcompat.widget.AppCompatCheckBox: void setSupportBackgroundTintList(android.content.res.ColorStateList)
androidx.constraintlayout.helper.widget.Flow: void setHorizontalAlign(int)