app/build/outputs/mapping/release/usage.txt
com.brixavier.tskr.BuildConfig
com.brixavier.tskr.MainActivity:
    public static final java.lang.String EXTRA_OPEN_ADD_SHEET
    public static final java.lang.String EXTRA_OPEN_REMINDER_ID
com.brixavier.tskr.R$color
com.brixavier.tskr.R$drawable
com.brixavier.tskr.R$mipmap
com.brixavier.tskr.R$string:
    private void <init>()
com.brixavier.tskr.R$style
com.brixavier.tskr.R$xml
com.brixavier.tskr.R
com.brixavier.tskr.bloc.ReminderBloc:
    static synthetic java.lang.Object handleAddReminder$default(com.brixavier.tskr.bloc.ReminderBloc,java.lang.String,java.lang.String,java.lang.String,java.lang.String,java.lang.String,java.lang.String,java.lang.String,kotlin.coroutines.Continuation,int,java.lang.Object)
com.brixavier.tskr.bloc.ReminderEvent$AddReminder:
    public static final int $stable
    public synthetic void <init>(java.lang.String,java.lang.String,java.lang.String,java.lang.String,java.lang.String,java.lang.String,java.lang.String,int,kotlin.jvm.internal.DefaultConstructorMarker)
    public final java.lang.String component1()
    public final java.lang.String component2()
    public final java.lang.String component3()
    public final java.lang.String component4()
    public final java.lang.String component5()
    public final java.lang.String component6()
    public final java.lang.String component7()
    public final com.brixavier.tskr.bloc.ReminderEvent$AddReminder copy(java.lang.String,java.lang.String,java.lang.String,java.lang.String,java.lang.String,java.lang.String,java.lang.String)
    public static synthetic com.brixavier.tskr.bloc.ReminderEvent$AddReminder copy$default(com.brixavier.tskr.bloc.ReminderEvent$AddReminder,java.lang.String,java.lang.String,java.lang.String,java.lang.String,java.lang.String,java.lang.String,java.lang.String,int,java.lang.Object)
com.brixavier.tskr.bloc.ReminderEvent$DeleteReminder:
    public static final int $stable
    public final java.lang.String component1()
    public final com.brixavier.tskr.bloc.ReminderEvent$DeleteReminder copy(java.lang.String)
    public static synthetic com.brixavier.tskr.bloc.ReminderEvent$DeleteReminder copy$default(com.brixavier.tskr.bloc.ReminderEvent$DeleteReminder,java.lang.String,int,java.lang.Object)
com.brixavier.tskr.bloc.ReminderEvent$LoadReminders:
    public static final int $stable
    public static final com.brixavier.tskr.bloc.ReminderEvent$LoadReminders INSTANCE
    static void <clinit>()
    private void <init>()
com.brixavier.tskr.bloc.ReminderEvent$ToggleReminder:
    public static final int $stable
    public final java.lang.String component1()
    public final boolean component2()
    public final com.brixavier.tskr.bloc.ReminderEvent$ToggleReminder copy(java.lang.String,boolean)
    public static synthetic com.brixavier.tskr.bloc.ReminderEvent$ToggleReminder copy$default(com.brixavier.tskr.bloc.ReminderEvent$ToggleReminder,java.lang.String,boolean,int,java.lang.Object)
com.brixavier.tskr.bloc.ReminderEvent$UpdateReminder:
    public static final int $stable
    public final com.brixavier.tskr.model.Reminder component1()
    public final com.brixavier.tskr.bloc.ReminderEvent$UpdateReminder copy(com.brixavier.tskr.model.Reminder)
    public static synthetic com.brixavier.tskr.bloc.ReminderEvent$UpdateReminder copy$default(com.brixavier.tskr.bloc.ReminderEvent$UpdateReminder,com.brixavier.tskr.model.Reminder,int,java.lang.Object)
com.brixavier.tskr.bloc.ReminderEvent:
    public static final int $stable
com.brixavier.tskr.bloc.ReminderState:
    public void <init>()
    public final java.util.List component1()
    public final boolean component2()
    public final java.lang.String component3()
    public final int component4()
    public final java.lang.String getErrorMessage()
    public final boolean isLoading()
com.brixavier.tskr.data.ReminderDao:
    public abstract java.lang.Object getUpcomingReminders(kotlin.coroutines.Continuation)
...
androidx.compose.material.icons.automirrored.sharp.DirectionsWalkKt
androidx.compose.material.icons.automirrored.sharp.DriveFileMoveKt
androidx.compose.material.icons.automirrored.sharp.DvrKt
androidx.compose.material.icons.automirrored.sharp.EventNoteKt
androidx.compose.material.icons.automirrored.sharp.ExitToAppKt
androidx.compose.material.icons.automirrored.sharp.FactCheckKt
androidx.compose.material.icons.automirrored.sharp.FeaturedPlayListKt
androidx.compose.material.icons.automirrored.sharp.FeaturedVideoKt
androidx.compose.material.icons.automirrored.sharp.FeedKt
androidx.compose.material.icons.automirrored.sharp.FollowTheSignsKt
androidx.compose.material.icons.automirrored.sharp.FormatAlignLeftKt
androidx.compose.material.icons.automirrored.sharp.FormatAlignRightKt
androidx.compose.material.icons.automirrored.sharp.FormatIndentDecreaseKt
androidx.compose.material.icons.automirrored.sharp.FormatIndentIncreaseKt
androidx.compose.material.icons.automirrored.sharp.FormatListBulletedKt
androidx.compose.material.icons.automirrored.sharp.FormatTextdirectionLToRKt
androidx.compose.material.icons.automirrored.sharp.FormatTextdirectionRToLKt
androidx.compose.material.icons.automirrored.sharp.ForwardKt
androidx.compose.material.icons.automirrored.sharp.ForwardToInboxKt
androidx.compose.material.icons.automirrored.sharp.GradingKt
androidx.compose.material.icons.automirrored.sharp.HelpCenterKt
androidx.compose.material.icons.automirrored.sharp.HelpKt
androidx.compose.material.icons.automirrored.sharp.HelpOutlineKt
androidx.compose.material.icons.automirrored.sharp.InputKt
androidx.compose.material.icons.automirrored.sharp.InsertCommentKt
androidx.compose.material.icons.automirrored.sharp.InsertDriveFileKt
androidx.compose.material.icons.automirrored.sharp.KeyboardArrowLeftKt
androidx.compose.material.icons.automirrored.sharp.KeyboardArrowRightKt
androidx.compose.material.icons.automirrored.sharp.KeyboardBackspaceKt
androidx.compose.material.icons.automirrored.sharp.KeyboardReturnKt
androidx.compose.material.icons.automirrored.sharp.KeyboardTabKt
androidx.compose.material.icons.automirrored.sharp.LabelImportantKt
androidx.compose.material.icons.automirrored.sharp.LabelKt
androidx.compose.material.icons.automirrored.sharp.LabelOffKt
androidx.compose.material.icons.automirrored.sharp.LastPageKt
androidx.compose.material.icons.automirrored.sharp.LaunchKt
androidx.compose.material.icons.automirrored.sharp.LibraryBooksKt
androidx.compose.material.icons.automirrored.sharp.ListAltKt
androidx.compose.material.icons.automirrored.sharp.ListKt
androidx.compose.material.icons.automirrored.sharp.LiveHelpKt
androidx.compose.material.icons.automirrored.sharp.LoginKt
androidx.compose.material.icons.automirrored.sharp.LogoutKt
androidx.compose.material.icons.automirrored.sharp.ManageSearchKt
androidx.compose.material.icons.automirrored.sharp.MenuBookKt
androidx.compose.material.icons.automirrored.sharp.MenuOpenKt
androidx.compose.material.icons.automirrored.sharp.MergeTypeKt
androidx.compose.material.icons.automirrored.sharp.MessageKt
androidx.compose.material.icons.automirrored.sharp.MissedVideoCallKt
androidx.compose.material.icons.automirrored.sharp.MobileScreenShareKt
androidx.compose.material.icons.automirrored.sharp.MoreKt
androidx.compose.material.icons.automirrored.sharp.MultilineChartKt
androidx.compose.material.icons.automirrored.sharp.NavigateBeforeKt
androidx.compose.material.icons.automirrored.sharp.NavigateNextKt
androidx.compose.material.icons.automirrored.sharp.NextPlanKt
androidx.compose.material.icons.automirrored.sharp.NextWeekKt
androidx.compose.material.icons.automirrored.sharp.NotListedLocationKt
androidx.compose.material.icons.automirrored.sharp.NoteAddKt
androidx.compose.material.icons.automirrored.sharp.NoteKt
androidx.compose.material.icons.automirrored.sharp.NotesKt
androidx.compose.material.icons.automirrored.sharp.OfflineShareKt
androidx.compose.material.icons.automirrored.sharp.OpenInNewKt